Using pre-set license
Built from '2020.3/release' branch; Version is '2020.3.1f1 (77a89f25062f) revision 7841951'; Using compiler version '192528614'; Build Type 'Release'
OS: 'Windows 10 Home; OS build 19042.867; Version 2009; 64bit' Language: 'en' Physical Memory: 16303 MB
BatchMode: 1, IsHumanControllingUs: 0, StartBugReporterOnCrash: 0, Is64bit: 1, IsPro: 0

 COMMAND LINE ARGUMENTS:
C:\Program Files\Unity\Hub\Editor\2020.3.1f1\Editor\Unity.exe
-adb2
-batchMode
-noUpm
-name
AssetImportWorker0
-projectPath
C:/Users/theja/git/SchoolProjects/Spring2021/FIEAAdmissions/FIEAGamePrototype1/FIEAGameProto1
-logFile
Logs/AssetImportWorker0.log
-srvPort
50224
Successfully changed project path to: C:/Users/theja/git/SchoolProjects/Spring2021/FIEAAdmissions/FIEAGamePrototype1/FIEAGameProto1
C:/Users/theja/git/SchoolProjects/Spring2021/FIEAAdmissions/FIEAGamePrototype1/FIEAGameProto1
Using Asset Import Pipeline V2.
Refreshing native plugins compatible for Editor in 36.79 ms, found 1 plugins.
Preloading 0 native plugins for Editor in 0.00 ms.
Initialize engine version: 2020.3.1f1 (77a89f25062f)
[Subsystems] Discovering subsystems at path C:/Program Files/Unity/Hub/Editor/2020.3.1f1/Editor/Data/Resources/UnitySubsystems
[Subsystems] Discovering subsystems at path C:/Users/theja/git/SchoolProjects/Spring2021/FIEAAdmissions/FIEAGamePrototype1/FIEAGameProto1/Assets
GfxDevice: creating device client; threaded=0
Direct3D:
    Version:  Direct3D 11.0 [level 11.1]
    Renderer: NVIDIA GeForce RTX 2060 (ID=0x1f51)
    Vendor:   
    VRAM:     5980 MB
    Driver:   27.21.14.6079
Initialize mono
Mono path[0] = 'C:/Program Files/Unity/Hub/Editor/2020.3.1f1/Editor/Data/Managed'
Mono path[1] = 'C:/Program Files/Unity/Hub/Editor/2020.3.1f1/Editor/Data/MonoBleedingEdge/lib/mono/unityjit'
Mono config path = 'C:/Program Files/Unity/Hub/Editor/2020.3.1f1/Editor/Data/MonoBleedingEdge/etc'
Using monoOptions --debugger-agent=transport=dt_socket,embedding=1,server=y,suspend=n,address=127.0.0.1:56008
Begin MonoManager ReloadAssembly
Registering precompiled unity dll's ...
Register platform support module: C:/Program Files/Unity/Hub/Editor/2020.3.1f1/Editor/Data/PlaybackEngines/WebGLSupport/UnityEditor.WebGL.Extensions.dll
Register platform support module: C:/Program Files/Unity/Hub/Editor/2020.3.1f1/Editor/Data/PlaybackEngines/MacStandaloneSupport/UnityEditor.OSXStandalone.Extensions.dll
Register platform support module: C:/Program Files/Unity/Hub/Editor/2020.3.1f1/Editor/Data/PlaybackEngines/WindowsStandaloneSupport/UnityEditor.WindowsStandalone.Extensions.dll
Register platform support module: C:/Program Files/Unity/Hub/Editor/2020.3.1f1/Editor/Data/PlaybackEngines/LinuxStandaloneSupport/UnityEditor.LinuxStandalone.Extensions.dll
Register platform support module: C:/Program Files/Unity/Hub/Editor/2020.3.1f1/Editor/Data/PlaybackEngines/LuminSupport/UnityEditor.Lumin.Extensions.dll
Registered in 0.004891 seconds.
Native extension for Lumin target not found
Native extension for LinuxStandalone target not found
Native extension for WindowsStandalone target not found
Native extension for OSXStandalone target not found
Native extension for WebGL target not found
Refreshing native plugins compatible for Editor in 32.58 ms, found 1 plugins.
Preloading 0 native plugins for Editor in 0.00 ms.
Invoked RoslynAnalysisRunner static constructor.
RoslynAnalysisRunner will not be running.
RoslynAnalysisRunner has terminated.
Mono: successfully reloaded assembly
- Completed reload, in  1.490 seconds
Platform modules already initialized, skipping
Registering precompiled user dll's ...
Registered in 0.001901 seconds.
Begin MonoManager ReloadAssembly
Native extension for Lumin target not found
Native extension for LinuxStandalone target not found
Native extension for WindowsStandalone target not found
Native extension for OSXStandalone target not found
Native extension for WebGL target not found
Refreshing native plugins compatible for Editor in 32.98 ms, found 1 plugins.
Preloading 0 native plugins for Editor in 0.00 ms.
Invoked RoslynAnalysisRunner static constructor.
RoslynAnalysisRunner will not be running.
RoslynAnalysisRunner has terminated.
Mono: successfully reloaded assembly
- Completed reload, in  0.984 seconds
Platform modules already initialized, skipping
========================================================================
Worker process is ready to serve import requests
Launched and connected shader compiler UnityShaderCompiler.exe after 0.07 seconds
Refreshing native plugins compatible for Editor in 0.33 ms, found 1 plugins.
Preloading 0 native plugins for Editor in 0.00 ms.
Unloading 1822 Unused Serialized files (Serialized files now loaded: 0)
System memory in use before: 95.9 MB.
System memory in use after: 95.8 MB.

Unloading 24 unused Assets to reduce memory usage. Loaded Objects now: 2266.
Total: 2.717000 ms (FindLiveObjects: 0.358400 ms CreateObjectMapping: 0.123700 ms MarkObjects: 2.117200 ms  DeleteObjects: 0.115700 ms)

========================================================================
Received Import Request.
  path: Assets/Scripts/EnemyBullet.cs
  artifactKey: Guid(1be8cb17a45e0384f8646f741fbc81c6) Importer(815301076,1909f56bfc062723c751e8b465ee728b)
Start importing Assets/Scripts/EnemyBullet.cs using Guid(1be8cb17a45e0384f8646f741fbc81c6) Importer(815301076,1909f56bfc062723c751e8b465ee728b)  -> (artifact id: '0c36a5750b030e9ea2ab6e27b34f731c') in 0.041758 seconds
  Import took 0.045070 seconds .

========================================================================
Received Import Request.
  Time since last request: 142.666257 seconds.
  path: Assets/Scripts/EnemyBullet.cs
  artifactKey: Guid(1be8cb17a45e0384f8646f741fbc81c6) Importer(815301076,1909f56bfc062723c751e8b465ee728b)
Start importing Assets/Scripts/EnemyBullet.cs using Guid(1be8cb17a45e0384f8646f741fbc81c6) Importer(815301076,1909f56bfc062723c751e8b465ee728b)  -> (artifact id: '0c07ecdd7a0eaca01e9bf07339e2c88b') in 0.005263 seconds
  Import took 0.009269 seconds .

========================================================================
Received Prepare
Registering precompiled user dll's ...
Registered in 0.001070 seconds.
Begin MonoManager ReloadAssembly
Native extension for Lumin target not found
Native extension for LinuxStandalone target not found
Native extension for WindowsStandalone target not found
Native extension for OSXStandalone target not found
Native extension for WebGL target not found
Refreshing native plugins compatible for Editor in 0.33 ms, found 1 plugins.
Preloading 0 native plugins for Editor in 0.00 ms.
Invoked RoslynAnalysisRunner static constructor.
RoslynAnalysisRunner will not be running.
RoslynAnalysisRunner has terminated.
Mono: successfully reloaded assembly
- Completed reload, in  0.933 seconds
Platform modules already initialized, skipping
Refreshing native plugins compatible for Editor in 0.32 ms, found 1 plugins.
Preloading 0 native plugins for Editor in 0.00 ms.
Unloading 1817 Unused Serialized files (Serialized files now loaded: 0)
System memory in use before: 95.8 MB.
System memory in use after: 95.8 MB.

Unloading 12 unused Assets to reduce memory usage. Loaded Objects now: 2270.
Total: 2.034600 ms (FindLiveObjects: 0.207300 ms CreateObjectMapping: 0.069200 ms MarkObjects: 1.658800 ms  DeleteObjects: 0.097900 ms)

========================================================================
Received Prepare
Registering precompiled user dll's ...
Registered in 0.001241 seconds.
Begin MonoManager ReloadAssembly
Native extension for Lumin target not found
Native extension for LinuxStandalone target not found
Native extension for WindowsStandalone target not found
Native extension for OSXStandalone target not found
Native extension for WebGL target not found
Refreshing native plugins compatible for Editor in 0.32 ms, found 1 plugins.
Preloading 0 native plugins for Editor in 0.00 ms.
Invoked RoslynAnalysisRunner static constructor.
RoslynAnalysisRunner will not be running.
RoslynAnalysisRunner has terminated.
Mono: successfully reloaded assembly
- Completed reload, in  0.887 seconds
Platform modules already initialized, skipping
Refreshing native plugins compatible for Editor in 0.31 ms, found 1 plugins.
Preloading 0 native plugins for Editor in 0.00 ms.
Unloading 1817 Unused Serialized files (Serialized files now loaded: 0)
System memory in use before: 95.9 MB.
System memory in use after: 95.9 MB.

Unloading 12 unused Assets to reduce memory usage. Loaded Objects now: 2274.
Total: 5.766000 ms (FindLiveObjects: 0.430800 ms CreateObjectMapping: 0.214900 ms MarkObjects: 4.822500 ms  DeleteObjects: 0.295100 ms)

========================================================================
Received Import Request.
  Time since last request: 352.302741 seconds.
  path: Assets/Scripts/Enemy1Controller.cs
  artifactKey: Guid(6400153b5611ffd49887701a0fac87db) Importer(815301076,1909f56bfc062723c751e8b465ee728b)
Start importing Assets/Scripts/Enemy1Controller.cs using Guid(6400153b5611ffd49887701a0fac87db) Importer(815301076,1909f56bfc062723c751e8b465ee728b)  -> (artifact id: '51aad7e3bebb813ee18956070f41b5b6') in 0.011148 seconds
  Import took 0.015557 seconds .

========================================================================
Received Import Request.
  Time since last request: 0.911121 seconds.
  path: Assets/Prefabs/FIEAGP-Enemy1.prefab
  artifactKey: Guid(19f6ef7d03e94604ba88060187eba612) Importer(815301076,1909f56bfc062723c751e8b465ee728b)
Start importing Assets/Prefabs/FIEAGP-Enemy1.prefab using Guid(19f6ef7d03e94604ba88060187eba612) Importer(815301076,1909f56bfc062723c751e8b465ee728b)  -> (artifact id: 'dff0ea59bf7cd309ec5a9cbde6dfc21f') in 0.082241 seconds
  Import took 0.085049 seconds .

========================================================================
Received Import Request.
  Time since last request: 0.000256 seconds.
  path: Assets/Prefabs/FIEAGP-Enemy3.prefab
  artifactKey: Guid(d04e76a775f517545bca0aed45a81f61) Importer(815301076,1909f56bfc062723c751e8b465ee728b)
Start importing Assets/Prefabs/FIEAGP-Enemy3.prefab using Guid(d04e76a775f517545bca0aed45a81f61) Importer(815301076,1909f56bfc062723c751e8b465ee728b)  -> (artifact id: 'c0768e463eb065ad5829a88b69743723') in 0.020755 seconds
  Import took 0.023453 seconds .

========================================================================
Received Import Request.
  Time since last request: 0.000303 seconds.
  path: Assets/Prefabs/FIEAGP-Enemy2.prefab
  artifactKey: Guid(8e2f0c2e74ce6004a83c3b7930149930) Importer(815301076,1909f56bfc062723c751e8b465ee728b)
Start importing Assets/Prefabs/FIEAGP-Enemy2.prefab using Guid(8e2f0c2e74ce6004a83c3b7930149930) Importer(815301076,1909f56bfc062723c751e8b465ee728b)  -> (artifact id: '16a1691b1ed5365e5cd6be72c5e992d3') in 0.014851 seconds
  Import took 0.018011 seconds .

========================================================================
Received Import Request.
  Time since last request: 14.958958 seconds.
  path: Assets/Prefabs/FIEAGP-Enemy1.prefab
  artifactKey: Guid(19f6ef7d03e94604ba88060187eba612) Importer(815301076,1909f56bfc062723c751e8b465ee728b)
Start importing Assets/Prefabs/FIEAGP-Enemy1.prefab using Guid(19f6ef7d03e94604ba88060187eba612) Importer(815301076,1909f56bfc062723c751e8b465ee728b)  -> (artifact id: 'a36bf73da620fc10d19f88a63196049e') in 0.016923 seconds
  Import took 0.019908 seconds .

========================================================================
Received Import Request.
  Time since last request: 10.900492 seconds.
  path: Assets/Prefabs/FIEAGP-Enemy2.prefab
  artifactKey: Guid(8e2f0c2e74ce6004a83c3b7930149930) Importer(815301076,1909f56bfc062723c751e8b465ee728b)
Start importing Assets/Prefabs/FIEAGP-Enemy2.prefab using Guid(8e2f0c2e74ce6004a83c3b7930149930) Importer(815301076,1909f56bfc062723c751e8b465ee728b)  -> (artifact id: '585c2986edc2a85c487e5f052f92210d') in 0.011624 seconds
  Import took 0.014800 seconds .

========================================================================
Received Import Request.
  Time since last request: 8.537146 seconds.
  path: Assets/Prefabs/FIEAGP-Enemy3.prefab
  artifactKey: Guid(d04e76a775f517545bca0aed45a81f61) Importer(815301076,1909f56bfc062723c751e8b465ee728b)
Start importing Assets/Prefabs/FIEAGP-Enemy3.prefab using Guid(d04e76a775f517545bca0aed45a81f61) Importer(815301076,1909f56bfc062723c751e8b465ee728b)  -> (artifact id: '96f3a2681d12610df6c77868e0dd92a9') in 0.018672 seconds
  Import took 0.021571 seconds .

========================================================================
Received Prepare
Registering precompiled user dll's ...
Registered in 0.001182 seconds.
Begin MonoManager ReloadAssembly
Native extension for Lumin target not found
Native extension for LinuxStandalone target not found
Native extension for WindowsStandalone target not found
Native extension for OSXStandalone target not found
Native extension for WebGL target not found
Refreshing native plugins compatible for Editor in 0.52 ms, found 1 plugins.
Preloading 0 native plugins for Editor in 0.00 ms.
Invoked RoslynAnalysisRunner static constructor.
RoslynAnalysisRunner will not be running.
RoslynAnalysisRunner has terminated.
Mono: successfully reloaded assembly
- Completed reload, in  0.857 seconds
Platform modules already initialized, skipping
Refreshing native plugins compatible for Editor in 0.31 ms, found 1 plugins.
Preloading 0 native plugins for Editor in 0.00 ms.
Unloading 1817 Unused Serialized files (Serialized files now loaded: 0)
System memory in use before: 99.0 MB.
System memory in use after: 99.0 MB.

Unloading 12 unused Assets to reduce memory usage. Loaded Objects now: 2285.
Total: 2.053600 ms (FindLiveObjects: 0.236100 ms CreateObjectMapping: 0.082700 ms MarkObjects: 1.650800 ms  DeleteObjects: 0.083200 ms)

========================================================================
Received Prepare
Registering precompiled user dll's ...
Registered in 0.001360 seconds.
Begin MonoManager ReloadAssembly
Native extension for Lumin target not found
Native extension for LinuxStandalone target not found
Native extension for WindowsStandalone target not found
Native extension for OSXStandalone target not found
Native extension for WebGL target not found
Refreshing native plugins compatible for Editor in 0.41 ms, found 1 plugins.
Preloading 0 native plugins for Editor in 0.00 ms.
Invoked RoslynAnalysisRunner static constructor.
RoslynAnalysisRunner will not be running.
RoslynAnalysisRunner has terminated.
Mono: successfully reloaded assembly
- Completed reload, in  0.836 seconds
Platform modules already initialized, skipping
Refreshing native plugins compatible for Editor in 0.30 ms, found 1 plugins.
Preloading 0 native plugins for Editor in 0.00 ms.
Unloading 1817 Unused Serialized files (Serialized files now loaded: 0)
System memory in use before: 99.0 MB.
System memory in use after: 99.0 MB.

Unloading 12 unused Assets to reduce memory usage. Loaded Objects now: 2289.
Total: 4.186700 ms (FindLiveObjects: 0.369000 ms CreateObjectMapping: 0.193800 ms MarkObjects: 3.449300 ms  DeleteObjects: 0.172100 ms)

========================================================================
Received Prepare
Registering precompiled user dll's ...
Registered in 0.001110 seconds.
Begin MonoManager ReloadAssembly
Native extension for Lumin target not found
Native extension for LinuxStandalone target not found
Native extension for WindowsStandalone target not found
Native extension for OSXStandalone target not found
Native extension for WebGL target not found
Refreshing native plugins compatible for Editor in 0.33 ms, found 1 plugins.
Preloading 0 native plugins for Editor in 0.00 ms.
Invoked RoslynAnalysisRunner static constructor.
RoslynAnalysisRunner will not be running.
RoslynAnalysisRunner has terminated.
Mono: successfully reloaded assembly
- Completed reload, in  0.850 seconds
Platform modules already initialized, skipping
Refreshing native plugins compatible for Editor in 0.32 ms, found 1 plugins.
Preloading 0 native plugins for Editor in 0.00 ms.
Unloading 1817 Unused Serialized files (Serialized files now loaded: 0)
System memory in use before: 99.0 MB.
System memory in use after: 99.0 MB.

Unloading 12 unused Assets to reduce memory usage. Loaded Objects now: 2293.
Total: 1.948700 ms (FindLiveObjects: 0.187600 ms CreateObjectMapping: 0.068600 ms MarkObjects: 1.595500 ms  DeleteObjects: 0.095900 ms)

========================================================================
Received Prepare
Registering precompiled user dll's ...
Registered in 0.001128 seconds.
Begin MonoManager ReloadAssembly
Native extension for Lumin target not found
Native extension for LinuxStandalone target not found
Native extension for WindowsStandalone target not found
Native extension for OSXStandalone target not found
Native extension for WebGL target not found
Refreshing native plugins compatible for Editor in 0.31 ms, found 1 plugins.
Preloading 0 native plugins for Editor in 0.00 ms.
Invoked RoslynAnalysisRunner static constructor.
RoslynAnalysisRunner will not be running.
RoslynAnalysisRunner has terminated.
Mono: successfully reloaded assembly
- Completed reload, in  0.824 seconds
Platform modules already initialized, skipping
Refreshing native plugins compatible for Editor in 0.32 ms, found 1 plugins.
Preloading 0 native plugins for Editor in 0.00 ms.
Unloading 1817 Unused Serialized files (Serialized files now loaded: 0)
System memory in use before: 99.1 MB.
System memory in use after: 99.0 MB.

Unloading 12 unused Assets to reduce memory usage. Loaded Objects now: 2297.
Total: 2.099100 ms (FindLiveObjects: 0.255900 ms CreateObjectMapping: 0.099900 ms MarkObjects: 1.645100 ms  DeleteObjects: 0.097100 ms)

========================================================================
Received Prepare
Refreshing native plugins compatible for Editor in 1.83 ms, found 1 plugins.
Preloading 0 native plugins for Editor in 0.00 ms.
Unloading 10 Unused Serialized files (Serialized files now loaded: 0)
System memory in use before: 62.7 MB.
System memory in use after: 62.7 MB.

Unloading 10 unused Assets to reduce memory usage. Loaded Objects now: 2297.
Total: 1.988400 ms (FindLiveObjects: 0.192300 ms CreateObjectMapping: 0.061500 ms MarkObjects: 1.634400 ms  DeleteObjects: 0.098900 ms)

========================================================================
Received Prepare
Refreshing native plugins compatible for Editor in 1.81 ms, found 1 plugins.
Preloading 0 native plugins for Editor in 0.00 ms.
Unloading 10 Unused Serialized files (Serialized files now loaded: 0)
System memory in use before: 62.7 MB.
System memory in use after: 62.7 MB.

Unloading 10 unused Assets to reduce memory usage. Loaded Objects now: 2297.
Total: 5.992800 ms (FindLiveObjects: 0.607000 ms CreateObjectMapping: 0.232100 ms MarkObjects: 4.885000 ms  DeleteObjects: 0.265300 ms)

AssetImportWorkerClient::OnTransportError - code=2 error=End of file
